<?xml version="1.0" encoding="UTF-8"?>
<!-- Generated by org.testng.reporters.JUnitReportReporter -->
<testsuite hostname="DESKTOP-UK4OA0E" failures="0" tests="7" name="OpenSource.open_Browser" time="6.698" errors="0" timestamp="2021-04-06T16:03:50 COT" skipped="0">
  <testcase classname="OpenSource.open_Browser" name="LoginConfirmed" time="0.011"/>
  <system-out/>
  <testcase classname="OpenSource.open_Browser" name="CloseBrowser" time="0.069"/>
  <system-out/>
  <testcase classname="OpenSource.open_Browser" name="Environment" time="4.384"/>
  <system-out/>
  <testcase classname="OpenSource.open_Browser" name="SendPassword" time="0.075"/>
  <system-out/>
  <testcase classname="OpenSource.open_Browser" name="clickOnLogIn" time="2.064"/>
  <system-out/>
  <testcase classname="OpenSource.open_Browser" name="correctloginPage" time="0.017"/>
  <system-out/>
  <testcase classname="OpenSource.open_Browser" name="SendUser" time="0.078"/>
  <system-out/>
</testsuite> <!-- OpenSource.open_Browser -->
