<?xml version="1.0" encoding="UTF-8"?>
<!-- Generated by org.testng.reporters.JUnitReportReporter -->
<testsuite hostname="DESKTOP-UK4OA0E" failures="0" tests="6" name="OpenSource.open_Browser" time="7.358" errors="0" timestamp="2021-04-06T08:19:38 COT" skipped="0">
  <testcase classname="OpenSource.open_Browser" name="clickOnLogIn" time="2.373"/>
  <system-out/>
  <testcase classname="OpenSource.open_Browser" name="LoginConfirmed" time="0.012"/>
  <system-out/>
  <testcase classname="OpenSource.open_Browser" name="SendUser" time="0.076"/>
  <system-out/>
  <testcase classname="OpenSource.open_Browser" name="correctloginPage" time="0.014"/>
  <system-out/>
  <testcase classname="OpenSource.open_Browser" name="Environment" time="4.817"/>
  <system-out/>
  <testcase classname="OpenSource.open_Browser" name="SendPassword" time="0.066"/>
  <system-out/>
</testsuite> <!-- OpenSource.open_Browser -->
