<?xml version="1.0" encoding="UTF-8"?>
<!-- Generated by org.testng.reporters.JUnitReportReporter -->
<testsuite skipped="0" hostname="DESKTOP-UK4OA0E" name="OpenSource.open_Browser" tests="6" failures="0" timestamp="2021-04-06T08:14:56 COT" time="7.318" errors="0">
  <testcase name="SendPassword" time="0.085" classname="OpenSource.open_Browser"/>
  <system-out/>
  <testcase name="SendUser" time="0.089" classname="OpenSource.open_Browser"/>
  <system-out/>
  <testcase name="Environment" time="4.687" classname="OpenSource.open_Browser"/>
  <system-out/>
  <testcase name="correctloginPage" time="0.015" classname="OpenSource.open_Browser"/>
  <system-out/>
  <testcase name="clickOnLogIn" time="2.432" classname="OpenSource.open_Browser"/>
  <system-out/>
  <testcase name="LoginConfirmed" time="0.010" classname="OpenSource.open_Browser"/>
  <system-out/>
</testsuite> <!-- OpenSource.open_Browser -->
